-- Install configuration: ""
-- Up-to-date: /home/user/dev_ws/src/primeiro_robo/install/primeiro_robo/share/primeiro_robo/config
-- Up-to-date: /home/user/dev_ws/src/primeiro_robo/install/primeiro_robo/share/primeiro_robo/config/empty.yaml
-- Up-to-date: /home/user/dev_ws/src/primeiro_robo/install/primeiro_robo/share/primeiro_robo/description
-- Up-to-date: /home/user/dev_ws/src/primeiro_robo/install/primeiro_robo/share/primeiro_robo/description/robot.urdf.xacro
-- Up-to-date: /home/user/dev_ws/src/primeiro_robo/install/primeiro_robo/share/primeiro_robo/launch
-- Up-to-date: /home/user/dev_ws/src/primeiro_robo/install/primeiro_robo/share/primeiro_robo/launch/rsp.launch.py
-- Up-to-date: /home/user/dev_ws/src/primeiro_robo/install/primeiro_robo/share/primeiro_robo/worlds
-- Up-to-date: /home/user/dev_ws/src/primeiro_robo/install/primeiro_robo/share/primeiro_robo/worlds/empty.world
-- Up-to-date: /home/user/dev_ws/src/primeiro_robo/install/primeiro_robo/share/ament_index/resource_index/package_run_dependencies/primeiro_robo
-- Up-to-date: /home/user/dev_ws/src/primeiro_robo/install/primeiro_robo/share/ament_index/resource_index/parent_prefix_path/primeiro_robo
-- Up-to-date: /home/user/dev_ws/src/primeiro_robo/install/primeiro_robo/share/primeiro_robo/environment/ament_prefix_path.sh
-- Up-to-date: /home/user/dev_ws/src/primeiro_robo/install/primeiro_robo/share/primeiro_robo/environment/ament_prefix_path.dsv
-- Up-to-date: /home/user/dev_ws/src/primeiro_robo/install/primeiro_robo/share/primeiro_robo/environment/path.sh
-- Up-to-date: /home/user/dev_ws/src/primeiro_robo/install/primeiro_robo/share/primeiro_robo/environment/path.dsv
-- Up-to-date: /home/user/dev_ws/src/primeiro_robo/install/primeiro_robo/share/primeiro_robo/local_setup.bash
-- Up-to-date: /home/user/dev_ws/src/primeiro_robo/install/primeiro_robo/share/primeiro_robo/local_setup.sh
-- Up-to-date: /home/user/dev_ws/src/primeiro_robo/install/primeiro_robo/share/primeiro_robo/local_setup.zsh
-- Up-to-date: /home/user/dev_ws/src/primeiro_robo/install/primeiro_robo/share/primeiro_robo/local_setup.dsv
-- Up-to-date: /home/user/dev_ws/src/primeiro_robo/install/primeiro_robo/share/primeiro_robo/package.dsv
-- Up-to-date: /home/user/dev_ws/src/primeiro_robo/install/primeiro_robo/share/ament_index/resource_index/packages/primeiro_robo
-- Up-to-date: /home/user/dev_ws/src/primeiro_robo/install/primeiro_robo/share/primeiro_robo/cmake/primeiro_roboConfig.cmake
-- Up-to-date: /home/user/dev_ws/src/primeiro_robo/install/primeiro_robo/share/primeiro_robo/cmake/primeiro_roboConfig-version.cmake
-- Up-to-date: /home/user/dev_ws/src/primeiro_robo/install/primeiro_robo/share/primeiro_robo/package.xml
