[0.127s] Invoking command in '/home/user/dev_ws/src/primeiro_robo/build/primeiro_robo': CMAKE_PREFIX_PATH=${CMAKE_PREFIX_PATH}:/opt/ros/humble /usr/bin/cmake --build /home/user/dev_ws/src/primeiro_robo/build/primeiro_robo -- -j4 -l4
[0.180s] Invoked command in '/home/user/dev_ws/src/primeiro_robo/build/primeiro_robo' returned '0': CMAKE_PREFIX_PATH=${CMAKE_PREFIX_PATH}:/opt/ros/humble /usr/bin/cmake --build /home/user/dev_ws/src/primeiro_robo/build/primeiro_robo -- -j4 -l4
[0.217s] Invoking command in '/home/user/dev_ws/src/primeiro_robo/build/primeiro_robo': CMAKE_PREFIX_PATH=${CMAKE_PREFIX_PATH}:/opt/ros/humble /usr/bin/cmake --install /home/user/dev_ws/src/primeiro_robo/build/primeiro_robo
[0.228s] -- Install configuration: ""
[0.229s] -- Up-to-date: /home/user/dev_ws/src/primeiro_robo/install/primeiro_robo/share/primeiro_robo/config
[0.229s] -- Up-to-date: /home/user/dev_ws/src/primeiro_robo/install/primeiro_robo/share/primeiro_robo/config/empty.yaml
[0.229s] -- Up-to-date: /home/user/dev_ws/src/primeiro_robo/install/primeiro_robo/share/primeiro_robo/description
[0.229s] -- Up-to-date: /home/user/dev_ws/src/primeiro_robo/install/primeiro_robo/share/primeiro_robo/description/robot.urdf.xacro
[0.230s] -- Up-to-date: /home/user/dev_ws/src/primeiro_robo/install/primeiro_robo/share/primeiro_robo/launch
[0.230s] -- Up-to-date: /home/user/dev_ws/src/primeiro_robo/install/primeiro_robo/share/primeiro_robo/launch/rsp.launch.py
[0.230s] -- Up-to-date: /home/user/dev_ws/src/primeiro_robo/install/primeiro_robo/share/primeiro_robo/worlds
[0.230s] -- Up-to-date: /home/user/dev_ws/src/primeiro_robo/install/primeiro_robo/share/primeiro_robo/worlds/empty.world
[0.230s] -- Up-to-date: /home/user/dev_ws/src/primeiro_robo/install/primeiro_robo/share/ament_index/resource_index/package_run_dependencies/primeiro_robo
[0.230s] -- Up-to-date: /home/user/dev_ws/src/primeiro_robo/install/primeiro_robo/share/ament_index/resource_index/parent_prefix_path/primeiro_robo
[0.231s] -- Up-to-date: /home/user/dev_ws/src/primeiro_robo/install/primeiro_robo/share/primeiro_robo/environment/ament_prefix_path.sh
[0.231s] -- Up-to-date: /home/user/dev_ws/src/primeiro_robo/install/primeiro_robo/share/primeiro_robo/environment/ament_prefix_path.dsv
[0.231s] -- Up-to-date: /home/user/dev_ws/src/primeiro_robo/install/primeiro_robo/share/primeiro_robo/environment/path.sh
[0.231s] -- Up-to-date: /home/user/dev_ws/src/primeiro_robo/install/primeiro_robo/share/primeiro_robo/environment/path.dsv
[0.232s] -- Up-to-date: /home/user/dev_ws/src/primeiro_robo/install/primeiro_robo/share/primeiro_robo/local_setup.bash
[0.233s] -- Up-to-date: /home/user/dev_ws/src/primeiro_robo/install/primeiro_robo/share/primeiro_robo/local_setup.sh
[0.233s] -- Up-to-date: /home/user/dev_ws/src/primeiro_robo/install/primeiro_robo/share/primeiro_robo/local_setup.zsh
[0.233s] -- Up-to-date: /home/user/dev_ws/src/primeiro_robo/install/primeiro_robo/share/primeiro_robo/local_setup.dsv
[0.234s] -- Up-to-date: /home/user/dev_ws/src/primeiro_robo/install/primeiro_robo/share/primeiro_robo/package.dsv
[0.234s] -- Up-to-date: /home/user/dev_ws/src/primeiro_robo/install/primeiro_robo/share/ament_index/resource_index/packages/primeiro_robo
[0.234s] -- Up-to-date: /home/user/dev_ws/src/primeiro_robo/install/primeiro_robo/share/primeiro_robo/cmake/primeiro_roboConfig.cmake
[0.234s] -- Up-to-date: /home/user/dev_ws/src/primeiro_robo/install/primeiro_robo/share/primeiro_robo/cmake/primeiro_roboConfig-version.cmake
[0.234s] -- Up-to-date: /home/user/dev_ws/src/primeiro_robo/install/primeiro_robo/share/primeiro_robo/package.xml
[0.235s] Invoked command in '/home/user/dev_ws/src/primeiro_robo/build/primeiro_robo' returned '0': CMAKE_PREFIX_PATH=${CMAKE_PREFIX_PATH}:/opt/ros/humble /usr/bin/cmake --install /home/user/dev_ws/src/primeiro_robo/build/primeiro_robo
