[0.156s] Invoking command in '/home/user/dev_ws/src/primeiro_robo/build/primeiro_robo': CMAKE_PREFIX_PATH=${CMAKE_PREFIX_PATH}:/opt/ros/humble /usr/bin/cmake /home/user/dev_ws/src/primeiro_robo -DCMAKE_INSTALL_PREFIX=/home/user/dev_ws/src/primeiro_robo/install/primeiro_robo
[0.395s] -- The C compiler identification is GNU 11.4.0
[0.579s] -- The CXX compiler identification is GNU 11.4.0
[0.590s] -- Detecting C compiler ABI info
[0.691s] -- Detecting C compiler ABI info - done
[0.710s] -- Check for working C compiler: /usr/bin/cc - skipped
[0.711s] -- Detecting C compile features
[0.712s] -- Detecting C compile features - done
[0.719s] -- Detecting CXX compiler ABI info
[0.839s] -- Detecting CXX compiler ABI info - done
[0.850s] -- Check for working CXX compiler: /usr/bin/c++ - skipped
[0.850s] -- Detecting CXX compile features
[0.851s] -- Detecting CXX compile features - done
[0.856s] -- Found ament_cmake: 1.3.5 (/opt/ros/humble/share/ament_cmake/cmake)
[1.101s] -- Found Python3: /usr/bin/python3.10 (found version "3.10.12") found components: Interpreter 
[1.252s] -- Found ament_lint_auto: 0.12.8 (/opt/ros/humble/share/ament_lint_auto/cmake)
[1.400s] -- Added test 'cppcheck' to perform static code analysis on C / C++ code
[1.400s] -- Configured cppcheck include dirs: 
[1.401s] -- Configured cppcheck exclude dirs and/or files: 
[1.403s] -- Added test 'flake8' to check Python code syntax and style conventions
[1.406s] -- Added test 'lint_cmake' to check CMake code style
[1.409s] -- Added test 'pep257' to check Python code against some of the docstring style conventions in PEP 257
[1.419s] -- Added test 'uncrustify' to check C / C++ code style
[1.419s] -- Configured uncrustify additional arguments: 
[1.422s] -- Added test 'xmllint' to check XML markup files
[1.426s] -- Configuring done
[1.437s] -- Generating done
[1.440s] -- Build files have been written to: /home/user/dev_ws/src/primeiro_robo/build/primeiro_robo
[1.446s] Invoked command in '/home/user/dev_ws/src/primeiro_robo/build/primeiro_robo' returned '0': CMAKE_PREFIX_PATH=${CMAKE_PREFIX_PATH}:/opt/ros/humble /usr/bin/cmake /home/user/dev_ws/src/primeiro_robo -DCMAKE_INSTALL_PREFIX=/home/user/dev_ws/src/primeiro_robo/install/primeiro_robo
[1.449s] Invoking command in '/home/user/dev_ws/src/primeiro_robo/build/primeiro_robo': CMAKE_PREFIX_PATH=${CMAKE_PREFIX_PATH}:/opt/ros/humble /usr/bin/cmake --build /home/user/dev_ws/src/primeiro_robo/build/primeiro_robo -- -j4 -l4
[1.501s] Invoked command in '/home/user/dev_ws/src/primeiro_robo/build/primeiro_robo' returned '0': CMAKE_PREFIX_PATH=${CMAKE_PREFIX_PATH}:/opt/ros/humble /usr/bin/cmake --build /home/user/dev_ws/src/primeiro_robo/build/primeiro_robo -- -j4 -l4
[1.541s] Invoking command in '/home/user/dev_ws/src/primeiro_robo/build/primeiro_robo': CMAKE_PREFIX_PATH=${CMAKE_PREFIX_PATH}:/opt/ros/humble /usr/bin/cmake --install /home/user/dev_ws/src/primeiro_robo/build/primeiro_robo
[1.550s] -- Install configuration: ""
[1.550s] -- Installing: /home/user/dev_ws/src/primeiro_robo/install/primeiro_robo/share/primeiro_robo/config
[1.552s] -- Installing: /home/user/dev_ws/src/primeiro_robo/install/primeiro_robo/share/primeiro_robo/config/empty.yaml
[1.553s] -- Installing: /home/user/dev_ws/src/primeiro_robo/install/primeiro_robo/share/primeiro_robo/description
[1.553s] -- Installing: /home/user/dev_ws/src/primeiro_robo/install/primeiro_robo/share/primeiro_robo/description/robot.urdf.xacro
[1.553s] -- Installing: /home/user/dev_ws/src/primeiro_robo/install/primeiro_robo/share/primeiro_robo/launch
[1.553s] -- Installing: /home/user/dev_ws/src/primeiro_robo/install/primeiro_robo/share/primeiro_robo/launch/rsp.launch.py
[1.553s] -- Installing: /home/user/dev_ws/src/primeiro_robo/install/primeiro_robo/share/primeiro_robo/worlds
[1.554s] -- Installing: /home/user/dev_ws/src/primeiro_robo/install/primeiro_robo/share/primeiro_robo/worlds/empty.world
[1.554s] -- Installing: /home/user/dev_ws/src/primeiro_robo/install/primeiro_robo/share/ament_index/resource_index/package_run_dependencies/primeiro_robo
[1.554s] -- Installing: /home/user/dev_ws/src/primeiro_robo/install/primeiro_robo/share/ament_index/resource_index/parent_prefix_path/primeiro_robo
[1.554s] -- Installing: /home/user/dev_ws/src/primeiro_robo/install/primeiro_robo/share/primeiro_robo/environment/ament_prefix_path.sh
[1.554s] -- Installing: /home/user/dev_ws/src/primeiro_robo/install/primeiro_robo/share/primeiro_robo/environment/ament_prefix_path.dsv
[1.555s] -- Installing: /home/user/dev_ws/src/primeiro_robo/install/primeiro_robo/share/primeiro_robo/environment/path.sh
[1.555s] -- Installing: /home/user/dev_ws/src/primeiro_robo/install/primeiro_robo/share/primeiro_robo/environment/path.dsv
[1.555s] -- Installing: /home/user/dev_ws/src/primeiro_robo/install/primeiro_robo/share/primeiro_robo/local_setup.bash
[1.555s] -- Installing: /home/user/dev_ws/src/primeiro_robo/install/primeiro_robo/share/primeiro_robo/local_setup.sh
[1.556s] -- Installing: /home/user/dev_ws/src/primeiro_robo/install/primeiro_robo/share/primeiro_robo/local_setup.zsh
[1.556s] -- Installing: /home/user/dev_ws/src/primeiro_robo/install/primeiro_robo/share/primeiro_robo/local_setup.dsv
[1.556s] -- Installing: /home/user/dev_ws/src/primeiro_robo/install/primeiro_robo/share/primeiro_robo/package.dsv
[1.556s] -- Installing: /home/user/dev_ws/src/primeiro_robo/install/primeiro_robo/share/ament_index/resource_index/packages/primeiro_robo
[1.556s] -- Installing: /home/user/dev_ws/src/primeiro_robo/install/primeiro_robo/share/primeiro_robo/cmake/primeiro_roboConfig.cmake
[1.556s] -- Installing: /home/user/dev_ws/src/primeiro_robo/install/primeiro_robo/share/primeiro_robo/cmake/primeiro_roboConfig-version.cmake
[1.557s] -- Installing: /home/user/dev_ws/src/primeiro_robo/install/primeiro_robo/share/primeiro_robo/package.xml
[1.559s] Invoked command in '/home/user/dev_ws/src/primeiro_robo/build/primeiro_robo' returned '0': CMAKE_PREFIX_PATH=${CMAKE_PREFIX_PATH}:/opt/ros/humble /usr/bin/cmake --install /home/user/dev_ws/src/primeiro_robo/build/primeiro_robo
