[1.637s] DEBUG:colcon:Command line arguments: ['/usr/bin/colcon', 'build']
[1.638s] DEBUG:colcon:Parsed command line arguments: Namespace(log_base=None, log_level=None, verb_name='build', build_base='build', install_base='install', merge_install=False, symlink_install=False, test_result_base=None, continue_on_error=False, executor='parallel', parallel_workers=4, event_handlers=None, ignore_user_meta=False, metas=['./colcon.meta'], base_paths=['.'], packages_ignore=None, packages_ignore_regex=None, paths=None, packages_up_to=None, packages_up_to_regex=None, packages_above=None, packages_above_and_dependencies=None, packages_above_depth=None, packages_select_by_dep=None, packages_skip_by_dep=None, packages_skip_up_to=None, packages_select_build_failed=False, packages_skip_build_finished=False, packages_select_test_failures=False, packages_skip_test_passed=False, packages_select=None, packages_skip=None, packages_select_regex=None, packages_skip_regex=None, packages_start=None, packages_end=None, allow_overriding=[], cmake_args=None, cmake_target=None, cmake_target_skip_unavailable=False, cmake_clean_cache=False, cmake_clean_first=False, cmake_force_configure=False, ament_cmake_args=None, catkin_cmake_args=None, catkin_skip_building_tests=False, verb_parser=<colcon_defaults.argument_parser.defaults.DefaultArgumentsDecorator object at 0x7f9f36675840>, verb_extension=<colcon_core.verb.build.BuildVerb object at 0x7f9f36677370>, main=<bound method BuildVerb.main of <colcon_core.verb.build.BuildVerb object at 0x7f9f36677370>>)
[1.717s] Level 1:colcon.colcon_core.package_discovery:discover_packages(colcon_meta) check parameters
[1.717s] Level 1:colcon.colcon_core.package_discovery:discover_packages(recursive) check parameters
[1.717s] Level 1:colcon.colcon_core.package_discovery:discover_packages(ignore) check parameters
[1.717s] Level 1:colcon.colcon_core.package_discovery:discover_packages(path) check parameters
[1.718s] Level 1:colcon.colcon_core.package_discovery:discover_packages(colcon_meta) discover
[1.718s] Level 1:colcon.colcon_core.package_discovery:discover_packages(recursive) discover
[1.718s] INFO:colcon.colcon_core.package_discovery:Crawling recursively for packages in '/home/user/dev_ws/src/primeiro_robo'
[1.718s] Level 1:colcon.colcon_core.package_identification:_identify(.) by extensions ['ignore', 'ignore_ament_install']
[1.718s] Level 1:colcon.colcon_core.package_identification:_identify(.) by extension 'ignore'
[1.718s] Level 1:colcon.colcon_core.package_identification:_identify(.) by extension 'ignore_ament_install'
[1.718s] Level 1:colcon.colcon_core.package_identification:_identify(.) by extensions ['colcon_pkg']
[1.718s] Level 1:colcon.colcon_core.package_identification:_identify(.) by extension 'colcon_pkg'
[1.719s] Level 1:colcon.colcon_core.package_identification:_identify(.) by extensions ['colcon_meta']
[1.719s] Level 1:colcon.colcon_core.package_identification:_identify(.) by extension 'colcon_meta'
[1.719s] Level 1:colcon.colcon_core.package_identification:_identify(.) by extensions ['ros']
[1.719s] Level 1:colcon.colcon_core.package_identification:_identify(.) by extension 'ros'
[1.739s] DEBUG:colcon.colcon_core.package_identification:Package '.' with type 'ros.ament_cmake' and name 'primeiro_robo'
[1.740s] Level 1:colcon.colcon_core.package_discovery:discover_packages(recursive) using defaults
[1.740s] Level 1:colcon.colcon_core.package_discovery:discover_packages(ignore) discover
[1.740s] Level 1:colcon.colcon_core.package_discovery:discover_packages(ignore) using defaults
[1.740s] Level 1:colcon.colcon_core.package_discovery:discover_packages(path) discover
[1.740s] Level 1:colcon.colcon_core.package_discovery:discover_packages(path) using defaults
[1.886s] Level 1:colcon.colcon_core.package_discovery:discover_packages(prefix_path) check parameters
[1.886s] Level 1:colcon.colcon_core.package_discovery:discover_packages(prefix_path) discover
[1.937s] DEBUG:colcon.colcon_installed_package_information.package_discovery:Found 3 installed packages in /home/user/dev_ws/install
[1.963s] DEBUG:colcon.colcon_installed_package_information.package_discovery:Found 378 installed packages in /opt/ros/humble
[1.967s] Level 1:colcon.colcon_core.package_discovery:discover_packages(prefix_path) using defaults
[2.147s] Level 5:colcon.colcon_core.verb:set package 'primeiro_robo' build argument 'cmake_args' from command line to 'None'
[2.147s] Level 5:colcon.colcon_core.verb:set package 'primeiro_robo' build argument 'cmake_target' from command line to 'None'
[2.147s] Level 5:colcon.colcon_core.verb:set package 'primeiro_robo' build argument 'cmake_target_skip_unavailable' from command line to 'False'
[2.147s] Level 5:colcon.colcon_core.verb:set package 'primeiro_robo' build argument 'cmake_clean_cache' from command line to 'False'
[2.147s] Level 5:colcon.colcon_core.verb:set package 'primeiro_robo' build argument 'cmake_clean_first' from command line to 'False'
[2.147s] Level 5:colcon.colcon_core.verb:set package 'primeiro_robo' build argument 'cmake_force_configure' from command line to 'False'
[2.147s] Level 5:colcon.colcon_core.verb:set package 'primeiro_robo' build argument 'ament_cmake_args' from command line to 'None'
[2.147s] Level 5:colcon.colcon_core.verb:set package 'primeiro_robo' build argument 'catkin_cmake_args' from command line to 'None'
[2.147s] Level 5:colcon.colcon_core.verb:set package 'primeiro_robo' build argument 'catkin_skip_building_tests' from command line to 'False'
[2.147s] DEBUG:colcon.colcon_core.verb:Building package 'primeiro_robo' with the following arguments: {'ament_cmake_args': None, 'build_base': '/home/user/dev_ws/src/primeiro_robo/build/primeiro_robo', 'catkin_cmake_args': None, 'catkin_skip_building_tests': False, 'cmake_args': None, 'cmake_clean_cache': False, 'cmake_clean_first': False, 'cmake_force_configure': False, 'cmake_target': None, 'cmake_target_skip_unavailable': False, 'install_base': '/home/user/dev_ws/src/primeiro_robo/install/primeiro_robo', 'merge_install': False, 'path': '/home/user/dev_ws/src/primeiro_robo', 'symlink_install': False, 'test_result_base': None}
[2.171s] INFO:colcon.colcon_core.executor:Executing jobs using 'parallel' executor
[2.198s] DEBUG:colcon.colcon_parallel_executor.executor.parallel:run_until_complete
[2.198s] INFO:colcon.colcon_ros.task.ament_cmake.build:Building ROS package in '/home/user/dev_ws/src/primeiro_robo' with build type 'ament_cmake'
[2.198s] INFO:colcon.colcon_cmake.task.cmake.build:Building CMake package in '/home/user/dev_ws/src/primeiro_robo'
[2.235s] INFO:colcon.colcon_core.plugin_system:Skipping extension 'colcon_core.shell.bat': Not used on non-Windows systems
[2.236s] INFO:colcon.colcon_core.shell:Skip shell extension 'powershell' for command environment: Not usable outside of PowerShell
[2.236s] DEBUG:colcon.colcon_core.shell:Skip shell extension 'dsv' for command environment
[2.355s] DEBUG:colcon.colcon_core.event_handler.log_command:Invoking command in '/home/user/dev_ws/src/primeiro_robo/build/primeiro_robo': CMAKE_PREFIX_PATH=${CMAKE_PREFIX_PATH}:/opt/ros/humble /usr/bin/cmake /home/user/dev_ws/src/primeiro_robo -DCMAKE_INSTALL_PREFIX=/home/user/dev_ws/src/primeiro_robo/install/primeiro_robo
[3.645s] DEBUG:colcon.colcon_core.event_handler.log_command:Invoked command in '/home/user/dev_ws/src/primeiro_robo/build/primeiro_robo' returned '0': CMAKE_PREFIX_PATH=${CMAKE_PREFIX_PATH}:/opt/ros/humble /usr/bin/cmake /home/user/dev_ws/src/primeiro_robo -DCMAKE_INSTALL_PREFIX=/home/user/dev_ws/src/primeiro_robo/install/primeiro_robo
[3.648s] DEBUG:colcon.colcon_core.event_handler.log_command:Invoking command in '/home/user/dev_ws/src/primeiro_robo/build/primeiro_robo': CMAKE_PREFIX_PATH=${CMAKE_PREFIX_PATH}:/opt/ros/humble /usr/bin/cmake --build /home/user/dev_ws/src/primeiro_robo/build/primeiro_robo -- -j4 -l4
[3.700s] DEBUG:colcon.colcon_core.event_handler.log_command:Invoked command in '/home/user/dev_ws/src/primeiro_robo/build/primeiro_robo' returned '0': CMAKE_PREFIX_PATH=${CMAKE_PREFIX_PATH}:/opt/ros/humble /usr/bin/cmake --build /home/user/dev_ws/src/primeiro_robo/build/primeiro_robo -- -j4 -l4
[3.739s] DEBUG:colcon.colcon_core.event_handler.log_command:Invoking command in '/home/user/dev_ws/src/primeiro_robo/build/primeiro_robo': CMAKE_PREFIX_PATH=${CMAKE_PREFIX_PATH}:/opt/ros/humble /usr/bin/cmake --install /home/user/dev_ws/src/primeiro_robo/build/primeiro_robo
[3.757s] Level 1:colcon.colcon_core.environment:create_environment_scripts_only(primeiro_robo)
[3.758s] DEBUG:colcon.colcon_core.event_handler.log_command:Invoked command in '/home/user/dev_ws/src/primeiro_robo/build/primeiro_robo' returned '0': CMAKE_PREFIX_PATH=${CMAKE_PREFIX_PATH}:/opt/ros/humble /usr/bin/cmake --install /home/user/dev_ws/src/primeiro_robo/build/primeiro_robo
[3.790s] Level 1:colcon.colcon_core.environment:checking '/home/user/dev_ws/src/primeiro_robo/install/primeiro_robo' for CMake module files
[3.791s] Level 1:colcon.colcon_core.environment:checking '/home/user/dev_ws/src/primeiro_robo/install/primeiro_robo' for CMake config files
[3.791s] Level 1:colcon.colcon_core.shell:create_environment_hook('primeiro_robo', 'cmake_prefix_path')
[3.821s] INFO:colcon.colcon_core.shell:Creating environment hook '/home/user/dev_ws/src/primeiro_robo/install/primeiro_robo/share/primeiro_robo/hook/cmake_prefix_path.ps1'
[3.822s] INFO:colcon.colcon_core.shell:Creating environment descriptor '/home/user/dev_ws/src/primeiro_robo/install/primeiro_robo/share/primeiro_robo/hook/cmake_prefix_path.dsv'
[3.822s] INFO:colcon.colcon_core.shell:Creating environment hook '/home/user/dev_ws/src/primeiro_robo/install/primeiro_robo/share/primeiro_robo/hook/cmake_prefix_path.sh'
[3.823s] Level 1:colcon.colcon_core.environment:checking '/home/user/dev_ws/src/primeiro_robo/install/primeiro_robo/bin'
[3.823s] Level 1:colcon.colcon_core.environment:checking '/home/user/dev_ws/src/primeiro_robo/install/primeiro_robo/lib/pkgconfig/primeiro_robo.pc'
[3.824s] Level 1:colcon.colcon_core.environment:checking '/home/user/dev_ws/src/primeiro_robo/install/primeiro_robo/lib/python3.10/site-packages'
[3.824s] Level 1:colcon.colcon_core.environment:checking '/home/user/dev_ws/src/primeiro_robo/install/primeiro_robo/bin'
[3.850s] INFO:colcon.colcon_core.shell:Creating package script '/home/user/dev_ws/src/primeiro_robo/install/primeiro_robo/share/primeiro_robo/package.ps1'
[3.852s] INFO:colcon.colcon_core.shell:Creating package descriptor '/home/user/dev_ws/src/primeiro_robo/install/primeiro_robo/share/primeiro_robo/package.dsv'
[3.852s] INFO:colcon.colcon_core.shell:Creating package script '/home/user/dev_ws/src/primeiro_robo/install/primeiro_robo/share/primeiro_robo/package.sh'
[3.853s] INFO:colcon.colcon_core.shell:Creating package script '/home/user/dev_ws/src/primeiro_robo/install/primeiro_robo/share/primeiro_robo/package.bash'
[3.854s] INFO:colcon.colcon_core.shell:Creating package script '/home/user/dev_ws/src/primeiro_robo/install/primeiro_robo/share/primeiro_robo/package.zsh'
[3.855s] Level 1:colcon.colcon_core.environment:create_file_with_runtime_dependencies(/home/user/dev_ws/src/primeiro_robo/install/primeiro_robo/share/colcon-core/packages/primeiro_robo)
[3.906s] Level 1:colcon.colcon_core.environment:create_environment_scripts_only(primeiro_robo)
[3.932s] Level 1:colcon.colcon_core.environment:checking '/home/user/dev_ws/src/primeiro_robo/install/primeiro_robo' for CMake module files
[3.933s] Level 1:colcon.colcon_core.environment:checking '/home/user/dev_ws/src/primeiro_robo/install/primeiro_robo' for CMake config files
[3.933s] Level 1:colcon.colcon_core.shell:create_environment_hook('primeiro_robo', 'cmake_prefix_path')
[3.960s] INFO:colcon.colcon_core.shell:Creating environment hook '/home/user/dev_ws/src/primeiro_robo/install/primeiro_robo/share/primeiro_robo/hook/cmake_prefix_path.ps1'
[3.960s] INFO:colcon.colcon_core.shell:Creating environment descriptor '/home/user/dev_ws/src/primeiro_robo/install/primeiro_robo/share/primeiro_robo/hook/cmake_prefix_path.dsv'
[3.961s] INFO:colcon.colcon_core.shell:Creating environment hook '/home/user/dev_ws/src/primeiro_robo/install/primeiro_robo/share/primeiro_robo/hook/cmake_prefix_path.sh'
[3.961s] Level 1:colcon.colcon_core.environment:checking '/home/user/dev_ws/src/primeiro_robo/install/primeiro_robo/bin'
[3.961s] Level 1:colcon.colcon_core.environment:checking '/home/user/dev_ws/src/primeiro_robo/install/primeiro_robo/lib/pkgconfig/primeiro_robo.pc'
[3.962s] Level 1:colcon.colcon_core.environment:checking '/home/user/dev_ws/src/primeiro_robo/install/primeiro_robo/lib/python3.10/site-packages'
[3.962s] Level 1:colcon.colcon_core.environment:checking '/home/user/dev_ws/src/primeiro_robo/install/primeiro_robo/bin'
[3.987s] INFO:colcon.colcon_core.shell:Creating package script '/home/user/dev_ws/src/primeiro_robo/install/primeiro_robo/share/primeiro_robo/package.ps1'
[3.988s] INFO:colcon.colcon_core.shell:Creating package descriptor '/home/user/dev_ws/src/primeiro_robo/install/primeiro_robo/share/primeiro_robo/package.dsv'
[3.988s] INFO:colcon.colcon_core.shell:Creating package script '/home/user/dev_ws/src/primeiro_robo/install/primeiro_robo/share/primeiro_robo/package.sh'
[3.989s] INFO:colcon.colcon_core.shell:Creating package script '/home/user/dev_ws/src/primeiro_robo/install/primeiro_robo/share/primeiro_robo/package.bash'
[3.989s] INFO:colcon.colcon_core.shell:Creating package script '/home/user/dev_ws/src/primeiro_robo/install/primeiro_robo/share/primeiro_robo/package.zsh'
[3.990s] Level 1:colcon.colcon_core.environment:create_file_with_runtime_dependencies(/home/user/dev_ws/src/primeiro_robo/install/primeiro_robo/share/colcon-core/packages/primeiro_robo)
[3.990s] DEBUG:colcon.colcon_parallel_executor.executor.parallel:closing loop
[3.991s] DEBUG:colcon.colcon_parallel_executor.executor.parallel:loop closed
[3.991s] DEBUG:colcon.colcon_parallel_executor.executor.parallel:run_until_complete finished with '0'
[3.991s] DEBUG:colcon.colcon_core.event_reactor:joining thread
[4.033s] INFO:colcon.colcon_core.plugin_system:Skipping extension 'colcon_notification.desktop_notification.terminal_notifier': Not used on non-Darwin systems
[4.033s] INFO:colcon.colcon_core.plugin_system:Skipping extension 'colcon_notification.desktop_notification.win32': Not used on non-Windows systems
[4.033s] INFO:colcon.colcon_notification.desktop_notification:Sending desktop notification using 'notify2'
[4.056s] DEBUG:colcon.colcon_core.event_reactor:joined thread
[4.088s] INFO:colcon.colcon_core.shell:Creating prefix script '/home/user/dev_ws/src/primeiro_robo/install/local_setup.ps1'
[4.089s] INFO:colcon.colcon_core.shell:Creating prefix util module '/home/user/dev_ws/src/primeiro_robo/install/_local_setup_util_ps1.py'
[4.090s] INFO:colcon.colcon_core.shell:Creating prefix chain script '/home/user/dev_ws/src/primeiro_robo/install/setup.ps1'
[4.122s] INFO:colcon.colcon_core.shell:Creating prefix script '/home/user/dev_ws/src/primeiro_robo/install/local_setup.sh'
[4.123s] INFO:colcon.colcon_core.shell:Creating prefix util module '/home/user/dev_ws/src/primeiro_robo/install/_local_setup_util_sh.py'
[4.123s] INFO:colcon.colcon_core.shell:Creating prefix chain script '/home/user/dev_ws/src/primeiro_robo/install/setup.sh'
[4.153s] INFO:colcon.colcon_core.shell:Creating prefix script '/home/user/dev_ws/src/primeiro_robo/install/local_setup.bash'
[4.154s] INFO:colcon.colcon_core.shell:Creating prefix chain script '/home/user/dev_ws/src/primeiro_robo/install/setup.bash'
[4.183s] INFO:colcon.colcon_core.shell:Creating prefix script '/home/user/dev_ws/src/primeiro_robo/install/local_setup.zsh'
[4.183s] INFO:colcon.colcon_core.shell:Creating prefix chain script '/home/user/dev_ws/src/primeiro_robo/install/setup.zsh'
