[1.616s] DEBUG:colcon:Command line arguments: ['/usr/bin/colcon', 'build']
[1.616s] DEBUG:colcon:Parsed command line arguments: Namespace(log_base=None, log_level=None, verb_name='build', build_base='build', install_base='install', merge_install=False, symlink_install=False, test_result_base=None, continue_on_error=False, executor='parallel', parallel_workers=4, event_handlers=None, ignore_user_meta=False, metas=['./colcon.meta'], base_paths=['.'], packages_ignore=None, packages_ignore_regex=None, paths=None, packages_up_to=None, packages_up_to_regex=None, packages_above=None, packages_above_and_dependencies=None, packages_above_depth=None, packages_select_by_dep=None, packages_skip_by_dep=None, packages_skip_up_to=None, packages_select_build_failed=False, packages_skip_build_finished=False, packages_select_test_failures=False, packages_skip_test_passed=False, packages_select=None, packages_skip=None, packages_select_regex=None, packages_skip_regex=None, packages_start=None, packages_end=None, allow_overriding=[], cmake_args=None, cmake_target=None, cmake_target_skip_unavailable=False, cmake_clean_cache=False, cmake_clean_first=False, cmake_force_configure=False, ament_cmake_args=None, catkin_cmake_args=None, catkin_skip_building_tests=False, verb_parser=<colcon_defaults.argument_parser.defaults.DefaultArgumentsDecorator object at 0x7f2c704f2cb0>, verb_extension=<colcon_core.verb.build.BuildVerb object at 0x7f2c704f1f30>, main=<bound method BuildVerb.main of <colcon_core.verb.build.BuildVerb object at 0x7f2c704f1f30>>)
[1.688s] Level 1:colcon.colcon_core.package_discovery:discover_packages(colcon_meta) check parameters
[1.688s] Level 1:colcon.colcon_core.package_discovery:discover_packages(recursive) check parameters
[1.688s] Level 1:colcon.colcon_core.package_discovery:discover_packages(ignore) check parameters
[1.688s] Level 1:colcon.colcon_core.package_discovery:discover_packages(path) check parameters
[1.688s] Level 1:colcon.colcon_core.package_discovery:discover_packages(colcon_meta) discover
[1.688s] Level 1:colcon.colcon_core.package_discovery:discover_packages(recursive) discover
[1.689s] INFO:colcon.colcon_core.package_discovery:Crawling recursively for packages in '/home/user/dev_ws/src/primeiro_robo'
[1.689s] Level 1:colcon.colcon_core.package_identification:_identify(.) by extensions ['ignore', 'ignore_ament_install']
[1.689s] Level 1:colcon.colcon_core.package_identification:_identify(.) by extension 'ignore'
[1.689s] Level 1:colcon.colcon_core.package_identification:_identify(.) by extension 'ignore_ament_install'
[1.689s] Level 1:colcon.colcon_core.package_identification:_identify(.) by extensions ['colcon_pkg']
[1.689s] Level 1:colcon.colcon_core.package_identification:_identify(.) by extension 'colcon_pkg'
[1.689s] Level 1:colcon.colcon_core.package_identification:_identify(.) by extensions ['colcon_meta']
[1.689s] Level 1:colcon.colcon_core.package_identification:_identify(.) by extension 'colcon_meta'
[1.690s] Level 1:colcon.colcon_core.package_identification:_identify(.) by extensions ['ros']
[1.690s] Level 1:colcon.colcon_core.package_identification:_identify(.) by extension 'ros'
[1.711s] DEBUG:colcon.colcon_core.package_identification:Package '.' with type 'ros.ament_cmake' and name 'primeiro_robo'
[1.711s] Level 1:colcon.colcon_core.package_discovery:discover_packages(recursive) using defaults
[1.711s] Level 1:colcon.colcon_core.package_discovery:discover_packages(ignore) discover
[1.711s] Level 1:colcon.colcon_core.package_discovery:discover_packages(ignore) using defaults
[1.711s] Level 1:colcon.colcon_core.package_discovery:discover_packages(path) discover
[1.711s] Level 1:colcon.colcon_core.package_discovery:discover_packages(path) using defaults
[1.861s] Level 1:colcon.colcon_core.package_discovery:discover_packages(prefix_path) check parameters
[1.861s] Level 1:colcon.colcon_core.package_discovery:discover_packages(prefix_path) discover
[1.911s] DEBUG:colcon.colcon_installed_package_information.package_discovery:Found 4 installed packages in /home/user/dev_ws/install
[1.937s] DEBUG:colcon.colcon_installed_package_information.package_discovery:Found 378 installed packages in /opt/ros/humble
[1.940s] Level 1:colcon.colcon_core.package_discovery:discover_packages(prefix_path) using defaults
[2.120s] Level 5:colcon.colcon_core.verb:set package 'primeiro_robo' build argument 'cmake_args' from command line to 'None'
[2.120s] Level 5:colcon.colcon_core.verb:set package 'primeiro_robo' build argument 'cmake_target' from command line to 'None'
[2.120s] Level 5:colcon.colcon_core.verb:set package 'primeiro_robo' build argument 'cmake_target_skip_unavailable' from command line to 'False'
[2.120s] Level 5:colcon.colcon_core.verb:set package 'primeiro_robo' build argument 'cmake_clean_cache' from command line to 'False'
[2.120s] Level 5:colcon.colcon_core.verb:set package 'primeiro_robo' build argument 'cmake_clean_first' from command line to 'False'
[2.120s] Level 5:colcon.colcon_core.verb:set package 'primeiro_robo' build argument 'cmake_force_configure' from command line to 'False'
[2.120s] Level 5:colcon.colcon_core.verb:set package 'primeiro_robo' build argument 'ament_cmake_args' from command line to 'None'
[2.120s] Level 5:colcon.colcon_core.verb:set package 'primeiro_robo' build argument 'catkin_cmake_args' from command line to 'None'
[2.120s] Level 5:colcon.colcon_core.verb:set package 'primeiro_robo' build argument 'catkin_skip_building_tests' from command line to 'False'
[2.120s] DEBUG:colcon.colcon_core.verb:Building package 'primeiro_robo' with the following arguments: {'ament_cmake_args': None, 'build_base': '/home/user/dev_ws/src/primeiro_robo/build/primeiro_robo', 'catkin_cmake_args': None, 'catkin_skip_building_tests': False, 'cmake_args': None, 'cmake_clean_cache': False, 'cmake_clean_first': False, 'cmake_force_configure': False, 'cmake_target': None, 'cmake_target_skip_unavailable': False, 'install_base': '/home/user/dev_ws/src/primeiro_robo/install/primeiro_robo', 'merge_install': False, 'path': '/home/user/dev_ws/src/primeiro_robo', 'symlink_install': False, 'test_result_base': None}
[2.144s] INFO:colcon.colcon_core.executor:Executing jobs using 'parallel' executor
[2.169s] DEBUG:colcon.colcon_parallel_executor.executor.parallel:run_until_complete
[2.169s] INFO:colcon.colcon_ros.task.ament_cmake.build:Building ROS package in '/home/user/dev_ws/src/primeiro_robo' with build type 'ament_cmake'
[2.169s] INFO:colcon.colcon_cmake.task.cmake.build:Building CMake package in '/home/user/dev_ws/src/primeiro_robo'
[2.200s] INFO:colcon.colcon_core.plugin_system:Skipping extension 'colcon_core.shell.bat': Not used on non-Windows systems
[2.200s] INFO:colcon.colcon_core.shell:Skip shell extension 'powershell' for command environment: Not usable outside of PowerShell
[2.201s] DEBUG:colcon.colcon_core.shell:Skip shell extension 'dsv' for command environment
[2.298s] DEBUG:colcon.colcon_core.event_handler.log_command:Invoking command in '/home/user/dev_ws/src/primeiro_robo/build/primeiro_robo': CMAKE_PREFIX_PATH=${CMAKE_PREFIX_PATH}:/opt/ros/humble /usr/bin/cmake --build /home/user/dev_ws/src/primeiro_robo/build/primeiro_robo -- -j4 -l4
[2.349s] DEBUG:colcon.colcon_core.event_handler.log_command:Invoked command in '/home/user/dev_ws/src/primeiro_robo/build/primeiro_robo' returned '0': CMAKE_PREFIX_PATH=${CMAKE_PREFIX_PATH}:/opt/ros/humble /usr/bin/cmake --build /home/user/dev_ws/src/primeiro_robo/build/primeiro_robo -- -j4 -l4
[2.387s] DEBUG:colcon.colcon_core.event_handler.log_command:Invoking command in '/home/user/dev_ws/src/primeiro_robo/build/primeiro_robo': CMAKE_PREFIX_PATH=${CMAKE_PREFIX_PATH}:/opt/ros/humble /usr/bin/cmake --install /home/user/dev_ws/src/primeiro_robo/build/primeiro_robo
[2.401s] Level 1:colcon.colcon_core.environment:create_environment_scripts_only(primeiro_robo)
[2.405s] DEBUG:colcon.colcon_core.event_handler.log_command:Invoked command in '/home/user/dev_ws/src/primeiro_robo/build/primeiro_robo' returned '0': CMAKE_PREFIX_PATH=${CMAKE_PREFIX_PATH}:/opt/ros/humble /usr/bin/cmake --install /home/user/dev_ws/src/primeiro_robo/build/primeiro_robo
[2.436s] Level 1:colcon.colcon_core.environment:checking '/home/user/dev_ws/src/primeiro_robo/install/primeiro_robo' for CMake module files
[2.436s] Level 1:colcon.colcon_core.environment:checking '/home/user/dev_ws/src/primeiro_robo/install/primeiro_robo' for CMake config files
[2.437s] Level 1:colcon.colcon_core.shell:create_environment_hook('primeiro_robo', 'cmake_prefix_path')
[2.461s] INFO:colcon.colcon_core.shell:Creating environment hook '/home/user/dev_ws/src/primeiro_robo/install/primeiro_robo/share/primeiro_robo/hook/cmake_prefix_path.ps1'
[2.462s] INFO:colcon.colcon_core.shell:Creating environment descriptor '/home/user/dev_ws/src/primeiro_robo/install/primeiro_robo/share/primeiro_robo/hook/cmake_prefix_path.dsv'
[2.462s] INFO:colcon.colcon_core.shell:Creating environment hook '/home/user/dev_ws/src/primeiro_robo/install/primeiro_robo/share/primeiro_robo/hook/cmake_prefix_path.sh'
[2.463s] Level 1:colcon.colcon_core.environment:checking '/home/user/dev_ws/src/primeiro_robo/install/primeiro_robo/bin'
[2.463s] Level 1:colcon.colcon_core.environment:checking '/home/user/dev_ws/src/primeiro_robo/install/primeiro_robo/lib/pkgconfig/primeiro_robo.pc'
[2.464s] Level 1:colcon.colcon_core.environment:checking '/home/user/dev_ws/src/primeiro_robo/install/primeiro_robo/lib/python3.10/site-packages'
[2.464s] Level 1:colcon.colcon_core.environment:checking '/home/user/dev_ws/src/primeiro_robo/install/primeiro_robo/bin'
[2.489s] INFO:colcon.colcon_core.shell:Creating package script '/home/user/dev_ws/src/primeiro_robo/install/primeiro_robo/share/primeiro_robo/package.ps1'
[2.490s] INFO:colcon.colcon_core.shell:Creating package descriptor '/home/user/dev_ws/src/primeiro_robo/install/primeiro_robo/share/primeiro_robo/package.dsv'
[2.491s] INFO:colcon.colcon_core.shell:Creating package script '/home/user/dev_ws/src/primeiro_robo/install/primeiro_robo/share/primeiro_robo/package.sh'
[2.492s] INFO:colcon.colcon_core.shell:Creating package script '/home/user/dev_ws/src/primeiro_robo/install/primeiro_robo/share/primeiro_robo/package.bash'
[2.492s] INFO:colcon.colcon_core.shell:Creating package script '/home/user/dev_ws/src/primeiro_robo/install/primeiro_robo/share/primeiro_robo/package.zsh'
[2.493s] Level 1:colcon.colcon_core.environment:create_file_with_runtime_dependencies(/home/user/dev_ws/src/primeiro_robo/install/primeiro_robo/share/colcon-core/packages/primeiro_robo)
[2.547s] Level 1:colcon.colcon_core.environment:create_environment_scripts_only(primeiro_robo)
[2.571s] Level 1:colcon.colcon_core.environment:checking '/home/user/dev_ws/src/primeiro_robo/install/primeiro_robo' for CMake module files
[2.572s] Level 1:colcon.colcon_core.environment:checking '/home/user/dev_ws/src/primeiro_robo/install/primeiro_robo' for CMake config files
[2.572s] Level 1:colcon.colcon_core.shell:create_environment_hook('primeiro_robo', 'cmake_prefix_path')
[2.598s] INFO:colcon.colcon_core.shell:Creating environment hook '/home/user/dev_ws/src/primeiro_robo/install/primeiro_robo/share/primeiro_robo/hook/cmake_prefix_path.ps1'
[2.599s] INFO:colcon.colcon_core.shell:Creating environment descriptor '/home/user/dev_ws/src/primeiro_robo/install/primeiro_robo/share/primeiro_robo/hook/cmake_prefix_path.dsv'
[2.599s] INFO:colcon.colcon_core.shell:Creating environment hook '/home/user/dev_ws/src/primeiro_robo/install/primeiro_robo/share/primeiro_robo/hook/cmake_prefix_path.sh'
[2.600s] Level 1:colcon.colcon_core.environment:checking '/home/user/dev_ws/src/primeiro_robo/install/primeiro_robo/bin'
[2.600s] Level 1:colcon.colcon_core.environment:checking '/home/user/dev_ws/src/primeiro_robo/install/primeiro_robo/lib/pkgconfig/primeiro_robo.pc'
[2.600s] Level 1:colcon.colcon_core.environment:checking '/home/user/dev_ws/src/primeiro_robo/install/primeiro_robo/lib/python3.10/site-packages'
[2.600s] Level 1:colcon.colcon_core.environment:checking '/home/user/dev_ws/src/primeiro_robo/install/primeiro_robo/bin'
[2.626s] INFO:colcon.colcon_core.shell:Creating package script '/home/user/dev_ws/src/primeiro_robo/install/primeiro_robo/share/primeiro_robo/package.ps1'
[2.627s] INFO:colcon.colcon_core.shell:Creating package descriptor '/home/user/dev_ws/src/primeiro_robo/install/primeiro_robo/share/primeiro_robo/package.dsv'
[2.627s] INFO:colcon.colcon_core.shell:Creating package script '/home/user/dev_ws/src/primeiro_robo/install/primeiro_robo/share/primeiro_robo/package.sh'
[2.628s] INFO:colcon.colcon_core.shell:Creating package script '/home/user/dev_ws/src/primeiro_robo/install/primeiro_robo/share/primeiro_robo/package.bash'
[2.628s] INFO:colcon.colcon_core.shell:Creating package script '/home/user/dev_ws/src/primeiro_robo/install/primeiro_robo/share/primeiro_robo/package.zsh'
[2.629s] Level 1:colcon.colcon_core.environment:create_file_with_runtime_dependencies(/home/user/dev_ws/src/primeiro_robo/install/primeiro_robo/share/colcon-core/packages/primeiro_robo)
[2.629s] DEBUG:colcon.colcon_parallel_executor.executor.parallel:closing loop
[2.630s] DEBUG:colcon.colcon_parallel_executor.executor.parallel:loop closed
[2.630s] DEBUG:colcon.colcon_parallel_executor.executor.parallel:run_until_complete finished with '0'
[2.630s] DEBUG:colcon.colcon_core.event_reactor:joining thread
[2.675s] INFO:colcon.colcon_core.plugin_system:Skipping extension 'colcon_notification.desktop_notification.terminal_notifier': Not used on non-Darwin systems
[2.675s] INFO:colcon.colcon_core.plugin_system:Skipping extension 'colcon_notification.desktop_notification.win32': Not used on non-Windows systems
[2.675s] INFO:colcon.colcon_notification.desktop_notification:Sending desktop notification using 'notify2'
[2.697s] DEBUG:colcon.colcon_core.event_reactor:joined thread
[2.729s] INFO:colcon.colcon_core.shell:Creating prefix script '/home/user/dev_ws/src/primeiro_robo/install/local_setup.ps1'
[2.731s] INFO:colcon.colcon_core.shell:Creating prefix util module '/home/user/dev_ws/src/primeiro_robo/install/_local_setup_util_ps1.py'
[2.732s] INFO:colcon.colcon_core.shell:Creating prefix chain script '/home/user/dev_ws/src/primeiro_robo/install/setup.ps1'
[2.762s] INFO:colcon.colcon_core.shell:Creating prefix script '/home/user/dev_ws/src/primeiro_robo/install/local_setup.sh'
[2.762s] INFO:colcon.colcon_core.shell:Creating prefix util module '/home/user/dev_ws/src/primeiro_robo/install/_local_setup_util_sh.py'
[2.763s] INFO:colcon.colcon_core.shell:Creating prefix chain script '/home/user/dev_ws/src/primeiro_robo/install/setup.sh'
[2.789s] INFO:colcon.colcon_core.shell:Creating prefix script '/home/user/dev_ws/src/primeiro_robo/install/local_setup.bash'
[2.789s] INFO:colcon.colcon_core.shell:Creating prefix chain script '/home/user/dev_ws/src/primeiro_robo/install/setup.bash'
[2.815s] INFO:colcon.colcon_core.shell:Creating prefix script '/home/user/dev_ws/src/primeiro_robo/install/local_setup.zsh'
[2.816s] INFO:colcon.colcon_core.shell:Creating prefix chain script '/home/user/dev_ws/src/primeiro_robo/install/setup.zsh'
